t;xgoal;ygoal;x_waypoint;y_waypoint;yaw_waypoint;x_t;y_t;yaw_t;x_p;y_p;yaw_p;
1719.930;6.50;1.50;0.00;0.00;0.00;0.00;0.00;0.00;0.00;0.00;0.00;
1720.030;6.50;1.50;-0.02;-0.00;0.00;0.00;0.00;0.00;-0.00;0.00;-0.00;
1720.130;6.50;1.50;-0.02;-0.00;0.00;0.01;0.00;0.00;0.02;0.00;-0.00;
1720.230;6.50;1.50;-0.02;-0.00;0.00;0.03;0.00;0.00;0.07;0.00;-0.00;
1720.330;6.50;1.50;-0.02;-0.00;0.00;0.07;-0.00;0.03;0.12;0.00;0.00;
1720.433;6.50;1.50;-0.02;-0.00;0.00;0.12;-0.00;0.11;0.19;0.01;0.08;
1720.531;6.50;1.50;-0.02;-0.00;0.00;0.16;-0.01;0.16;0.22;0.01;0.13;
1720.631;6.50;1.50;-0.02;-0.00;0.00;0.21;-0.00;0.22;0.30;0.02;0.22;
1720.730;6.50;1.50;-0.02;-0.00;0.00;0.27;0.00;0.30;0.33;0.03;0.27;
1720.830;6.50;1.50;-0.02;-0.00;0.00;0.32;0.01;0.35;0.37;0.04;0.32;
1720.930;6.50;1.50;-0.02;-0.00;0.00;0.37;0.03;0.39;0.42;0.06;0.36;
1721.032;6.50;1.50;-0.02;-0.00;0.00;0.41;0.04;0.42;0.49;0.09;0.42;
1721.131;6.50;1.50;-0.02;-0.00;0.00;0.47;0.06;0.46;0.51;0.10;0.43;
1721.230;6.50;1.50;-0.02;-0.00;0.00;0.52;0.08;0.49;0.55;0.12;0.47;
1721.330;6.50;1.50;-0.02;-0.00;0.00;0.55;0.09;0.52;0.60;0.14;0.50;
1721.433;6.50;1.50;-0.02;-0.00;0.00;0.61;0.12;0.55;0.64;0.16;0.53;
1721.537;6.50;1.50;-0.02;-0.00;0.00;0.65;0.15;0.57;0.70;0.20;0.56;
1721.630;6.50;1.50;-0.02;-0.00;0.00;0.69;0.17;0.58;0.73;0.22;0.57;
1721.731;6.50;1.50;-0.02;-0.00;0.00;0.74;0.20;0.60;0.76;0.24;0.58;
1721.830;6.50;1.50;-0.02;-0.00;0.00;0.78;0.23;0.61;0.83;0.29;0.61;
1721.930;6.50;1.50;-0.02;-0.00;0.00;0.80;0.24;0.62;0.85;0.30;0.61;
1722.030;6.50;1.50;0.86;0.30;0.00;0.86;0.28;0.63;0.89;0.33;0.62;
1722.130;6.50;1.50;0.86;0.30;0.00;0.90;0.31;0.63;0.93;0.36;0.62;
1722.230;6.50;1.50;0.86;0.30;0.00;0.95;0.35;0.62;0.99;0.39;0.61;
1722.331;6.50;1.50;0.86;0.30;0.00;0.99;0.38;0.61;1.03;0.42;0.60;
1722.430;6.50;1.50;0.86;0.30;0.00;1.02;0.40;0.60;1.06;0.43;0.60;
1722.531;6.50;1.50;0.86;0.30;0.00;1.07;0.43;0.58;1.12;0.47;0.58;
1722.630;6.50;1.50;0.86;0.30;0.00;1.09;0.46;0.57;1.16;0.50;0.55;
1722.730;6.50;1.50;0.86;0.30;0.00;1.15;0.49;0.55;1.19;0.52;0.54;
1722.831;6.50;1.50;0.86;0.30;0.00;1.19;0.52;0.53;1.23;0.54;0.53;
1722.930;6.50;1.50;0.86;0.30;0.00;1.23;0.54;0.53;1.29;0.57;0.51;
1723.030;6.50;1.50;0.86;0.30;0.00;1.27;0.57;0.51;1.31;0.58;0.51;
1723.133;6.50;1.50;0.86;0.30;0.00;1.32;0.60;0.50;1.36;0.61;0.49;
1723.230;6.50;1.50;0.86;0.30;0.00;1.36;0.62;0.50;1.40;0.63;0.49;
1723.330;6.50;1.50;0.86;0.30;0.00;1.41;0.65;0.48;1.44;0.65;0.48;
1723.430;6.50;1.50;0.86;0.30;0.00;1.44;0.67;0.47;1.49;0.67;0.46;
1723.530;6.50;1.50;0.86;0.30;0.00;1.49;0.69;0.46;1.53;0.70;0.45;
1723.630;6.50;1.50;0.86;0.30;0.00;1.54;0.72;0.46;1.58;0.72;0.44;
1723.730;6.50;1.50;0.86;0.30;0.00;1.58;0.74;0.44;1.63;0.74;0.44;
1723.836;6.50;1.50;0.86;0.30;0.00;1.63;0.76;0.42;1.70;0.77;0.40;
1723.931;6.50;1.50;0.86;0.30;0.00;1.67;0.78;0.41;1.72;0.77;0.40;
1724.031;6.50;1.50;1.74;0.78;0.00;1.71;0.80;0.41;1.79;0.80;0.39;
1724.130;6.50;1.50;1.74;0.78;0.00;1.75;0.82;0.42;1.84;0.83;0.40;
1724.230;6.50;1.50;1.74;0.78;0.00;1.81;0.84;0.42;1.85;0.84;0.40;
1724.330;6.50;1.50;1.74;0.78;0.00;1.85;0.86;0.43;1.90;0.86;0.40;
1724.430;6.50;1.50;1.74;0.78;0.00;1.90;0.88;0.43;1.94;0.88;0.41;
1724.530;6.50;1.50;1.74;0.78;0.00;1.95;0.90;0.43;1.99;0.90;0.41;
1724.631;6.50;1.50;1.74;0.78;0.00;1.99;0.93;0.44;2.06;0.93;0.42;
1724.730;6.50;1.50;1.74;0.78;0.00;2.04;0.95;0.44;2.08;0.93;0.42;
1724.831;6.50;1.50;1.74;0.78;0.00;2.07;0.96;0.44;2.15;0.97;0.42;
1724.931;6.50;1.50;1.74;0.78;0.00;2.12;0.98;0.44;2.17;0.97;0.42;
1725.030;6.50;1.50;1.74;0.78;0.00;2.16;1.00;0.44;2.22;0.99;0.42;
1725.130;6.50;1.50;1.74;0.78;0.00;2.22;1.03;0.44;2.26;1.01;0.42;
1725.232;6.50;1.50;1.74;0.78;0.00;2.27;1.05;0.44;2.33;1.04;0.42;
1725.330;6.50;1.50;1.74;0.78;0.00;2.31;1.07;0.44;2.36;1.05;0.42;
1725.431;6.50;1.50;1.74;0.78;0.00;2.36;1.09;0.44;2.40;1.07;0.42;
1725.531;6.50;1.50;1.74;0.78;0.00;2.40;1.12;0.43;2.46;1.10;0.42;
1725.638;6.50;1.50;1.74;0.78;0.00;2.45;1.14;0.43;2.52;1.13;0.41;
1725.730;6.50;1.50;1.74;0.78;0.00;2.49;1.16;0.43;2.54;1.14;0.41;
1725.833;6.50;1.50;1.74;0.78;0.00;2.53;1.18;0.43;2.61;1.17;0.41;
1725.931;6.50;1.50;1.74;0.78;0.00;2.58;1.20;0.43;2.64;1.18;0.41;
1726.030;6.50;1.50;2.64;1.18;0.00;2.63;1.22;0.43;2.67;1.20;0.41;
1726.132;6.50;1.50;2.64;1.18;0.00;2.67;1.24;0.43;2.72;1.22;0.41;
1726.230;6.50;1.50;2.64;1.18;0.00;2.71;1.26;0.43;2.75;1.24;0.41;
1726.330;6.50;1.50;2.64;1.18;0.00;2.74;1.27;0.42;2.83;1.27;0.41;
1726.430;6.50;1.50;2.64;1.18;0.00;2.80;1.30;0.42;2.84;1.28;0.41;
1726.530;6.50;1.50;2.64;1.18;0.00;2.83;1.32;0.42;2.88;1.29;0.41;
1726.631;6.50;1.50;2.64;1.18;0.00;2.85;1.32;0.42;2.93;1.31;0.41;
1726.730;6.50;1.50;2.64;1.18;0.00;2.90;1.34;0.42;2.94;1.32;0.41;
1726.831;6.50;1.50;2.64;1.18;0.00;2.92;1.36;0.42;2.99;1.34;0.41;
1726.930;6.50;1.50;2.64;1.18;0.00;2.97;1.37;0.43;3.01;1.34;0.41;
1727.030;6.50;1.50;2.64;1.18;0.00;3.01;1.39;0.43;3.05;1.36;0.41;
1727.131;6.50;1.50;2.64;1.18;0.00;3.04;1.41;0.43;3.11;1.39;0.42;
1727.230;6.50;1.50;2.64;1.18;0.00;3.07;1.42;0.44;3.13;1.40;0.42;
1727.330;6.50;1.50;2.64;1.18;0.00;3.12;1.44;0.43;3.16;1.41;0.42;
1727.430;6.50;1.50;2.64;1.18;0.00;3.15;1.46;0.44;3.20;1.43;0.42;
1727.531;6.50;1.50;2.64;1.18;0.00;3.19;1.48;0.44;3.24;1.45;0.42;
1727.630;6.50;1.50;2.64;1.18;0.00;3.23;1.50;0.43;3.27;1.46;0.42;
1727.730;6.50;1.50;2.64;1.18;0.00;3.27;1.52;0.39;3.31;1.47;0.40;
1727.832;6.50;1.50;2.64;1.18;0.00;3.31;1.53;0.38;3.36;1.49;0.37;
1727.930;6.50;1.50;2.64;1.18;0.00;3.34;1.55;0.35;3.41;1.51;0.33;
1728.030;6.50;1.50;3.40;1.50;0.00;3.39;1.58;0.29;3.43;1.52;0.31;
1728.131;6.50;1.50;3.40;1.50;0.00;3.44;1.59;0.25;3.50;1.54;0.25;
1728.230;6.50;1.50;3.40;1.50;0.00;3.49;1.61;0.22;3.56;1.55;0.21;
1728.330;6.50;1.50;3.40;1.50;0.00;3.54;1.62;0.20;3.61;1.56;0.19;
1728.432;6.50;1.50;3.40;1.50;0.00;3.59;1.64;0.16;3.66;1.57;0.15;
1728.530;6.50;1.50;3.40;1.50;0.00;3.64;1.65;0.13;3.68;1.57;0.13;
1728.630;6.50;1.50;3.40;1.50;0.00;3.69;1.66;0.11;3.74;1.58;0.10;
1728.730;6.50;1.50;3.40;1.50;0.00;3.74;1.67;0.09;3.80;1.59;0.08;
1728.831;6.50;1.50;3.40;1.50;0.00;3.79;1.67;0.06;3.84;1.59;0.05;
1728.930;6.50;1.50;3.40;1.50;0.00;3.84;1.68;0.06;3.87;1.60;0.05;
1729.030;6.50;1.50;3.40;1.50;0.00;3.87;1.68;0.06;3.92;1.60;0.05;
1729.130;6.50;1.50;3.40;1.50;0.00;3.93;1.68;0.04;3.97;1.61;0.03;
1729.230;6.50;1.50;3.40;1.50;0.00;3.99;1.69;0.03;4.04;1.61;0.02;
1729.334;6.50;1.50;3.40;1.50;0.00;4.02;1.69;0.02;4.10;1.61;0.01;
1729.430;6.50;1.50;3.40;1.50;0.00;4.09;1.69;0.01;4.12;1.61;0.00;
1729.530;6.50;1.50;3.40;1.50;0.00;4.12;1.69;0.00;4.17;1.61;-0.01;
1729.630;6.50;1.50;3.40;1.50;0.00;4.19;1.69;0.00;4.25;1.61;-0.01;
1729.730;6.50;1.50;3.40;1.50;0.00;4.24;1.69;-0.01;4.27;1.61;-0.01;
1729.830;6.50;1.50;3.40;1.50;0.00;4.29;1.69;-0.01;4.35;1.61;-0.02;
1729.931;6.50;1.50;3.40;1.50;0.00;4.34;1.69;-0.02;4.39;1.61;-0.03;
1730.030;6.50;1.50;4.38;1.60;0.00;4.39;1.69;-0.02;4.42;1.61;-0.03;
1730.130;6.50;1.50;4.38;1.60;0.00;4.44;1.69;-0.03;4.47;1.60;-0.03;
1730.230;6.50;1.50;4.38;1.60;0.00;4.49;1.69;-0.03;4.51;1.60;-0.03;
1730.331;6.50;1.50;4.38;1.60;0.00;4.54;1.69;-0.03;4.58;1.60;-0.04;
1730.431;6.50;1.50;4.38;1.60;0.00;4.59;1.69;-0.03;4.63;1.59;-0.04;
1730.530;6.50;1.50;4.38;1.60;0.00;4.64;1.69;-0.03;4.66;1.59;-0.04;
1730.630;6.50;1.50;4.38;1.60;0.00;4.69;1.69;-0.03;4.71;1.59;-0.04;
1730.732;6.50;1.50;4.38;1.60;0.00;4.72;1.68;-0.03;4.78;1.59;-0.04;
1730.833;6.50;1.50;4.38;1.60;0.00;4.79;1.68;-0.03;4.83;1.59;-0.04;
1730.931;6.50;1.50;4.38;1.60;0.00;4.82;1.68;-0.03;4.89;1.59;-0.04;
1731.030;6.50;1.50;4.38;1.60;0.00;4.89;1.68;-0.03;4.90;1.59;-0.04;
1731.130;6.50;1.50;4.38;1.60;0.00;4.94;1.68;-0.03;4.98;1.58;-0.04;
1731.230;6.50;1.50;4.38;1.60;0.00;4.99;1.68;-0.03;5.00;1.59;-0.04;
1731.330;6.50;1.50;4.38;1.60;0.00;5.04;1.67;-0.03;5.05;1.59;-0.04;
1731.430;6.50;1.50;4.38;1.60;0.00;5.09;1.67;-0.03;5.12;1.59;-0.04;
1731.533;6.50;1.50;4.38;1.60;0.00;5.14;1.67;-0.03;5.17;1.59;-0.04;
1731.630;6.50;1.50;4.38;1.60;0.00;5.19;1.67;-0.04;5.22;1.59;-0.04;
1731.731;6.50;1.50;4.38;1.60;0.00;5.24;1.67;-0.04;5.27;1.59;-0.04;
1731.830;6.50;1.50;4.38;1.60;0.00;5.29;1.67;-0.04;5.30;1.59;-0.04;
1731.930;6.50;1.50;4.38;1.60;0.00;5.34;1.66;-0.04;5.37;1.59;-0.04;
1732.030;6.50;1.50;5.36;1.58;0.00;5.39;1.66;-0.04;5.43;1.58;-0.04;
1732.138;6.50;1.50;5.36;1.58;0.00;5.44;1.66;-0.04;5.48;1.58;-0.05;
1732.230;6.50;1.50;5.36;1.58;0.00;5.49;1.66;-0.04;5.50;1.58;-0.05;
1732.330;6.50;1.50;5.36;1.58;0.00;5.54;1.66;-0.04;5.55;1.58;-0.05;
1732.430;6.50;1.50;5.36;1.58;0.00;5.58;1.65;-0.04;5.59;1.57;-0.05;
1732.530;6.50;1.50;5.36;1.58;0.00;5.63;1.65;-0.04;5.67;1.57;-0.04;
1732.631;6.50;1.50;5.36;1.58;0.00;5.67;1.65;-0.04;5.71;1.57;-0.04;
1732.735;6.50;1.50;5.36;1.58;0.00;5.71;1.65;-0.04;5.75;1.57;-0.04;
1732.832;6.50;1.50;5.36;1.58;0.00;5.75;1.65;-0.04;5.78;1.57;-0.04;
1732.930;6.50;1.50;5.36;1.58;0.00;5.78;1.65;-0.04;5.82;1.57;-0.04;
1733.031;6.50;1.50;5.36;1.58;0.00;5.82;1.64;-0.04;5.84;1.57;-0.04;
1733.134;6.50;1.50;5.36;1.58;0.00;5.85;1.64;-0.04;5.88;1.57;-0.04;
1733.231;6.50;1.50;5.36;1.58;0.00;5.88;1.64;-0.04;5.90;1.57;-0.04;
1733.330;6.50;1.50;5.36;1.58;0.00;5.91;1.64;-0.04;5.95;1.56;-0.04;
1733.432;6.50;1.50;5.36;1.58;0.00;5.94;1.64;-0.04;5.98;1.56;-0.04;
1733.530;6.50;1.50;5.36;1.58;0.00;5.96;1.64;-0.04;5.99;1.56;-0.04;
